[12:51:12] [Client thread/INFO]: Setting user: Player849
[12:51:16] [Client thread/INFO]: LWJGL Version: 2.9.4
[12:51:22] [Client thread/INFO]: Reloading ResourceManager: Default, FMLFileResourcePack:Forge Mod Loader, FMLFileResourcePack:Minecraft Forge, FMLFileResourcePack:GameOfLife, FMLFileResourcePack:Example Mod
[12:51:24] [Sound Library Loader/INFO]: Starting up SoundSystem...
[12:51:24] [Thread-7/INFO]: Initializing LWJGL OpenAL
[12:51:24] [Thread-7/INFO]: (The LWJGL binding of OpenAL.  For more information, see http://www.lwjgl.org)
[12:51:24] [Thread-7/INFO]: OpenAL initialized.
[12:51:24] [Sound Library Loader/INFO]: Sound engine started
[12:51:27] [Client thread/INFO]: Created: 16x16 textures-atlas
[12:51:30] [Client thread/INFO]: Reloading ResourceManager: Default, FMLFileResourcePack:Forge Mod Loader, FMLFileResourcePack:Minecraft Forge, FMLFileResourcePack:GameOfLife, FMLFileResourcePack:Example Mod
[12:51:30] [Client thread/INFO]: SoundSystem shutting down...
[12:51:30] [Client thread/WARN]: Author: Paul Lamb, www.paulscode.com
[12:51:30] [Sound Library Loader/INFO]: Starting up SoundSystem...
[12:51:31] [Thread-9/INFO]: Initializing LWJGL OpenAL
[12:51:31] [Thread-9/INFO]: (The LWJGL binding of OpenAL.  For more information, see http://www.lwjgl.org)
[12:51:31] [Thread-9/INFO]: OpenAL initialized.
[12:51:31] [Sound Library Loader/INFO]: Sound engine started
[12:51:32] [Client thread/INFO]: Created: 1024x512 textures-atlas
[12:51:37] [Realms Notification Availability checker #1/INFO]: Could not authorize you against Realms server: Invalid session id
[12:51:41] [Server thread/INFO]: Starting integrated minecraft server version 1.9.4
[12:51:41] [Server thread/INFO]: Generating keypair
[12:51:42] [Server thread/INFO]: Preparing start region for level 0
[12:51:42] [Server thread/INFO]: Changing view distance to 12, from 10
[12:51:43] [Server thread/INFO]: Player849[local:E:bf47e1ed] logged in with entity id 0 at (248.80304631540693, 4.0, 132.727215002473)
[12:51:43] [Server thread/INFO]: Player849 joined the game
[12:51:45] [Server thread/INFO]: Saving and pausing game...
[12:51:45] [Server thread/INFO]: Saving chunks for level 'WolfSheep'/Overworld
[12:51:45] [Server thread/INFO]: Saving chunks for level 'WolfSheep'/Nether
[12:51:45] [Server thread/INFO]: Saving chunks for level 'WolfSheep'/The End
[12:51:45] [Client thread/INFO]: [CHAT] Player849 logged in!
[12:51:45] [pool-2-thread-1/WARN]: Couldn't look up profile properties for com.mojang.authlib.GameProfile@39db4c4f[id=4dd6af1c-c8e5-371b-9918-b4c6bffd152f,name=Player849,properties={},legacy=false]
com.mojang.authlib.exceptions.AuthenticationException: The client has sent too many requests within a certain amount of time
	at com.mojang.authlib.yggdrasil.YggdrasilAuthenticationService.makeRequest(YggdrasilAuthenticationService.java:65) ~[YggdrasilAuthenticationService.class:?]
	at com.mojang.authlib.yggdrasil.YggdrasilMinecraftSessionService.fillGameProfile(YggdrasilMinecraftSessionService.java:175) [YggdrasilMinecraftSessionService.class:?]
	at com.mojang.authlib.yggdrasil.YggdrasilMinecraftSessionService$1.load(YggdrasilMinecraftSessionService.java:59) [YggdrasilMinecraftSessionService$1.class:?]
	at com.mojang.authlib.yggdrasil.YggdrasilMinecraftSessionService$1.load(YggdrasilMinecraftSessionService.java:56) [YggdrasilMinecraftSessionService$1.class:?]
	at com.google.common.cache.LocalCache$LoadingValueReference.loadFuture(LocalCache.java:3524) [guava-17.0.jar:?]
	at com.google.common.cache.LocalCache$Segment.loadSync(LocalCache.java:2317) [guava-17.0.jar:?]
	at com.google.common.cache.LocalCache$Segment.lockedGetOrLoad(LocalCache.java:2280) [guava-17.0.jar:?]
	at com.google.common.cache.LocalCache$Segment.get(LocalCache.java:2195) [guava-17.0.jar:?]
	at com.google.common.cache.LocalCache.get(LocalCache.java:3934) [guava-17.0.jar:?]
	at com.google.common.cache.LocalCache.getOrLoad(LocalCache.java:3938) [guava-17.0.jar:?]
	at com.google.common.cache.LocalCache$LocalLoadingCache.get(LocalCache.java:4821) [guava-17.0.jar:?]
	at com.google.common.cache.LocalCache$LocalLoadingCache.getUnchecked(LocalCache.java:4827) [guava-17.0.jar:?]
	at com.mojang.authlib.yggdrasil.YggdrasilMinecraftSessionService.fillProfileProperties(YggdrasilMinecraftSessionService.java:165) [YggdrasilMinecraftSessionService.class:?]
	at net.minecraft.client.Minecraft.getProfileProperties(Minecraft.java:3043) [Minecraft.class:?]
	at net.minecraft.client.resources.SkinManager$3.run(SkinManager.java:131) [SkinManager$3.class:?]
	at java.util.concurrent.Executors$RunnableAdapter.call(Executors.java:511) [?:1.8.0_45]
	at java.util.concurrent.FutureTask.run(FutureTask.java:266) [?:1.8.0_45]
	at java.util.concurrent.ThreadPoolExecutor.runWorker(ThreadPoolExecutor.java:1142) [?:1.8.0_45]
	at java.util.concurrent.ThreadPoolExecutor$Worker.run(ThreadPoolExecutor.java:617) [?:1.8.0_45]
	at java.lang.Thread.run(Thread.java:745) [?:1.8.0_45]
[12:53:16] [Server thread/INFO]: Saving and pausing game...
[12:53:16] [Server thread/INFO]: Saving chunks for level 'WolfSheep'/Overworld
[12:53:16] [Server thread/INFO]: Saving chunks for level 'WolfSheep'/Nether
[12:53:16] [Server thread/INFO]: Saving chunks for level 'WolfSheep'/The End
[12:53:17] [Server thread/INFO]: Stopping server
[12:53:17] [Server thread/INFO]: Saving players
[12:53:17] [Server thread/INFO]: Saving worlds
[12:53:17] [Server thread/INFO]: Saving chunks for level 'WolfSheep'/Overworld
[12:53:17] [Server thread/INFO]: Saving chunks for level 'WolfSheep'/Nether
[12:53:17] [Server thread/INFO]: Saving chunks for level 'WolfSheep'/The End
[12:53:20] [Client thread/INFO]: Stopping!
[12:53:20] [Client thread/INFO]: SoundSystem shutting down...
[12:53:20] [Client thread/WARN]: Author: Paul Lamb, www.paulscode.com
